<?xml version="1.0" encoding="UTF-8"?>
<robot generator="Robot 3.2.1 (Python 3.8.3 on win32)" generated="20200901 19:23:33.522" rpa="false">
<suite id="s1" name="MouseActionTests" source="C:\Tools\workspace\AutomationTest\RobotFramework\Day12\TestCases\MouseActionTests.robot">
<test id="s1-t1" name="Testing Mouse Actions">
<kw name="Open Browser" library="SeleniumLibrary">
<doc>Opens a new browser instance to the optional ``url``.</doc>
<arguments>
<arg>${url}</arg>
<arg>${browser}</arg>
</arguments>
<msg timestamp="20200901 19:23:34.926" level="INFO">Opening browser 'chrome' to base url 'https://swisnl.github.io/jQuery-contextMenu/demo.html'.</msg>
<status status="PASS" starttime="20200901 19:23:34.926" endtime="20200901 19:24:04.808"></status>
</kw>
<kw name="Maximize Browser Window" library="SeleniumLibrary">
<doc>Maximizes current browser window.</doc>
<status status="PASS" starttime="20200901 19:24:04.809" endtime="20200901 19:24:05.990"></status>
</kw>
<kw name="Open Context Menu" library="SeleniumLibrary">
<doc>Opens the context menu on the element identified by ``locator``.</doc>
<arguments>
<arg>xpath://span[@class='context-menu-one btn btn-neutral']</arg>
</arguments>
<status status="PASS" starttime="20200901 19:24:05.990" endtime="20200901 19:24:06.328"></status>
</kw>
<kw name="Sleep" library="BuiltIn">
<doc>Pauses the test executed for the given time.</doc>
<arguments>
<arg>3</arg>
</arguments>
<msg timestamp="20200901 19:24:09.331" level="INFO">Slept 3 seconds</msg>
<status status="PASS" starttime="20200901 19:24:06.328" endtime="20200901 19:24:09.331"></status>
</kw>
<kw name="Go To" library="SeleniumLibrary">
<doc>Navigates the current browser window to the provided ``url``.</doc>
<arguments>
<arg>${url2}</arg>
</arguments>
<msg timestamp="20200901 19:24:09.332" level="INFO">Opening url 'https://testautomationpractice.blogspot.com/'</msg>
<status status="PASS" starttime="20200901 19:24:09.332" endtime="20200901 19:24:34.730"></status>
</kw>
<kw name="Double Click Element" library="SeleniumLibrary">
<doc>Double clicks the element identified by ``locator``.</doc>
<arguments>
<arg>xpath://button[contains(text(),'Copy Text')]</arg>
</arguments>
<msg timestamp="20200901 19:24:34.733" level="INFO">Double clicking element 'xpath://button[contains(text(),'Copy Text')]'.</msg>
<status status="PASS" starttime="20200901 19:24:34.731" endtime="20200901 19:24:35.151"></status>
</kw>
<kw name="Sleep" library="BuiltIn">
<doc>Pauses the test executed for the given time.</doc>
<arguments>
<arg>3</arg>
</arguments>
<msg timestamp="20200901 19:24:38.154" level="INFO">Slept 3 seconds</msg>
<status status="PASS" starttime="20200901 19:24:35.152" endtime="20200901 19:24:38.154"></status>
</kw>
<kw name="Go To" library="SeleniumLibrary">
<doc>Navigates the current browser window to the provided ``url``.</doc>
<arguments>
<arg>${url3}</arg>
</arguments>
<msg timestamp="20200901 19:24:38.157" level="INFO">Opening url 'http://www.dhtmlgoodies.com/scripts/drag-drop-custom/demo-drag-drop-3.html'</msg>
<status status="PASS" starttime="20200901 19:24:38.156" endtime="20200901 19:24:43.369"></status>
</kw>
<kw name="Drag And Drop" library="SeleniumLibrary">
<doc>Drags the element identified by ``locator`` into the ``target`` element.</doc>
<arguments>
<arg>id:box6</arg>
<arg>id:box106</arg>
</arguments>
<status status="PASS" starttime="20200901 19:24:43.369" endtime="20200901 19:24:43.972"></status>
</kw>
<kw name="Sleep" library="BuiltIn">
<doc>Pauses the test executed for the given time.</doc>
<arguments>
<arg>3</arg>
</arguments>
<msg timestamp="20200901 19:24:46.976" level="INFO">Slept 3 seconds</msg>
<status status="PASS" starttime="20200901 19:24:43.973" endtime="20200901 19:24:46.977"></status>
</kw>
<kw name="Close All Browsers" library="SeleniumLibrary">
<doc>Closes all open browsers and resets the browser cache.</doc>
<status status="PASS" starttime="20200901 19:24:46.978" endtime="20200901 19:24:49.816"></status>
</kw>
<status status="PASS" starttime="20200901 19:23:34.924" endtime="20200901 19:24:49.817" critical="yes"></status>
</test>
<status status="PASS" starttime="20200901 19:23:33.533" endtime="20200901 19:24:49.819"></status>
</suite>
<statistics>
<total>
<stat pass="1" fail="0">Critical Tests</stat>
<stat pass="1" fail="0">All Tests</stat>
</total>
<tag>
</tag>
<suite>
<stat pass="1" fail="0" id="s1" name="MouseActionTests">MouseActionTests</stat>
</suite>
</statistics>
<errors>
</errors>
</robot>
